# JRE version: OpenJDK Runtime Environment (21.0.6) (build 21.0.6+-13368085-b895.109)
# Java VM: OpenJDK 64-Bit Server VM (21.0.6+-13368085-b895.109, mixed mode, tiered, compressed oops, compressed class ptrs, g1 gc, windows-amd64)
GC Precious Log:
 CardTable entry size: 512
 Card Set container configuration: InlinePtr #cards 5 size 8 Array Of Cards #cards 12 size 40 Howl #buckets 4 coarsen threshold 1843 Howl Bitmap #cards 512 size 80 coarsen threshold 460 Card regions per heap region 1 cards per card region 2048
 CPUs: 4 total, 4 available
 Memory: 7828M
 Large Page Support: Disabled
 NUMA Support: Disabled
 Compressed Oops: Enabled (32-bit)
 Heap Region Size: 1M
 Heap Min Capacity: 8M
 Heap Initial Capacity: 124M
 Heap Max Capacity: 2G
 Pre-touch: Disabled
 Parallel Workers: 4
 Concurrent Workers: 1
 Concurrent Refinement Workers: 4
 Periodic GC: Disabled
Heap:
 garbage-first heap   total 82944K, used 56964K [0x0000000080000000, 0x0000000100000000)
  region size 1024K, 22 young (22528K), 4 survivors (4096K)
 Metaspace       used 64814K, committed 66496K, reserved 1114112K
  class space    used 8887K, committed 9728K, reserved 1048576K
GC Heap History (20 events):
Event: 9.192 GC heap before
{Heap before GC invocations=7 (full 0):
 garbage-first heap   total 68608K, used 43883K [0x0000000080000000, 0x0000000100000000)
  region size 1024K, 26 young (26624K), 5 survivors (5120K)
 Metaspace       used 35253K, committed 36160K, reserved 1114112K
  class space    used 4714K, committed 5184K, reserved 1048576K
}
Event: 9.206 GC heap after
{Heap after GC invocations=8 (full 0):
 garbage-first heap   total 68608K, used 25309K [0x0000000080000000, 0x0000000100000000)
  region size 1024K, 2 young (2048K), 2 survivors (2048K)
 Metaspace       used 35253K, committed 36160K, reserved 1114112K
  class space    used 4714K, committed 5184K, reserved 1048576K
}
Event: 9.908 GC heap before
{Heap before GC invocations=9 (full 0):
 garbage-first heap   total 68608K, used 58077K [0x0000000080000000, 0x0000000100000000)
  region size 1024K, 34 young (34816K), 2 survivors (2048K)
 Metaspace       used 39429K, committed 40640K, reserved 1114112K
  class space    used 5408K, committed 6016K, reserved 1048576K
}
Event: 9.914 GC heap after
{Heap after GC invocations=10 (full 0):
 garbage-first heap   total 68608K, used 26683K [0x0000000080000000, 0x0000000100000000)
  region size 1024K, 3 young (3072K), 3 survivors (3072K)
 Metaspace       used 39429K, committed 40640K, reserved 1114112K
  class space    used 5408K, committed 6016K, reserved 1048576K
}
Event: 10.767 GC heap before
{Heap before GC invocations=10 (full 0):
 garbage-first heap   total 68608K, used 58427K [0x0000000080000000, 0x0000000100000000)
  region size 1024K, 35 young (35840K), 3 survivors (3072K)
 Metaspace       used 45640K, committed 46848K, reserved 1114112K
  class space    used 6067K, committed 6656K, reserved 1048576K
}
Event: 10.782 GC heap after
{Heap after GC invocations=11 (full 0):
 garbage-first heap   total 68608K, used 30261K [0x0000000080000000, 0x0000000100000000)
  region size 1024K, 5 young (5120K), 5 survivors (5120K)
 Metaspace       used 45640K, committed 46848K, reserved 1114112K
  class space    used 6067K, committed 6656K, reserved 1048576K
}
Event: 11.180 GC heap before
{Heap before GC invocations=11 (full 0):
 garbage-first heap   total 68608K, used 58933K [0x0000000080000000, 0x0000000100000000)
  region size 1024K, 33 young (33792K), 5 survivors (5120K)
 Metaspace       used 46669K, committed 47936K, reserved 1114112K
  class space    used 6231K, committed 6848K, reserved 1048576K
}
Event: 11.199 GC heap after
{Heap after GC invocations=12 (full 0):
 garbage-first heap   total 68608K, used 32532K [0x0000000080000000, 0x0000000100000000)
  region size 1024K, 2 young (2048K), 2 survivors (2048K)
 Metaspace       used 46669K, committed 47936K, reserved 1114112K
  class space    used 6231K, committed 6848K, reserved 1048576K
}
Event: 12.061 GC heap before
{Heap before GC invocations=12 (full 0):
 garbage-first heap   total 68608K, used 60180K [0x0000000080000000, 0x0000000100000000)
  region size 1024K, 29 young (29696K), 2 survivors (2048K)
 Metaspace       used 48617K, committed 49984K, reserved 1114112K
  class space    used 6547K, committed 7232K, reserved 1048576K
}
Event: 12.069 GC heap after
{Heap after GC invocations=13 (full 0):
 garbage-first heap   total 68608K, used 34785K [0x0000000080000000, 0x0000000100000000)
  region size 1024K, 4 young (4096K), 4 survivors (4096K)
 Metaspace       used 48617K, committed 49984K, reserved 1114112K
  class space    used 6547K, committed 7232K, reserved 1048576K
}
Event: 13.420 GC heap before
{Heap before GC invocations=13 (full 0):
 garbage-first heap   total 68608K, used 59361K [0x0000000080000000, 0x0000000100000000)
  region size 1024K, 29 young (29696K), 4 survivors (4096K)
 Metaspace       used 52003K, committed 53504K, reserved 1114112K
  class space    used 7106K, committed 7872K, reserved 1048576K
}
Event: 13.433 GC heap after
{Heap after GC invocations=14 (full 0):
 garbage-first heap   total 68608K, used 36292K [0x0000000080000000, 0x0000000100000000)
  region size 1024K, 2 young (2048K), 2 survivors (2048K)
 Metaspace       used 52003K, committed 53504K, reserved 1114112K
  class space    used 7106K, committed 7872K, reserved 1048576K
}
Event: 13.577 GC heap before
{Heap before GC invocations=14 (full 0):
 garbage-first heap   total 68608K, used 38340K [0x0000000080000000, 0x0000000100000000)
  region size 1024K, 5 young (5120K), 2 survivors (2048K)
 Metaspace       used 52301K, committed 53824K, reserved 1114112K
  class space    used 7135K, committed 7872K, reserved 1048576K
}
Event: 13.582 GC heap after
{Heap after GC invocations=15 (full 0):
 garbage-first heap   total 68608K, used 36626K [0x0000000080000000, 0x0000000100000000)
  region size 1024K, 2 young (2048K), 2 survivors (2048K)
 Metaspace       used 52301K, committed 53824K, reserved 1114112K
  class space    used 7135K, committed 7872K, reserved 1048576K
}
Event: 14.893 GC heap before
{Heap before GC invocations=16 (full 0):
 garbage-first heap   total 68608K, used 63250K [0x0000000080000000, 0x0000000100000000)
  region size 1024K, 26 young (26624K), 2 survivors (2048K)
 Metaspace       used 56373K, committed 57856K, reserved 1114112K
  class space    used 7581K, committed 8320K, reserved 1048576K
}
Event: 14.901 GC heap after
{Heap after GC invocations=17 (full 0):
 garbage-first heap   total 68608K, used 37030K [0x0000000080000000, 0x0000000100000000)
  region size 1024K, 3 young (3072K), 3 survivors (3072K)
 Metaspace       used 56373K, committed 57856K, reserved 1114112K
  class space    used 7581K, committed 8320K, reserved 1048576K
}
Event: 15.957 GC heap before
{Heap before GC invocations=17 (full 0):
 garbage-first heap   total 68608K, used 59558K [0x0000000080000000, 0x0000000100000000)
  region size 1024K, 25 young (25600K), 3 survivors (3072K)
 Metaspace       used 59770K, committed 61312K, reserved 1114112K
  class space    used 8090K, committed 8832K, reserved 1048576K
}
Event: 15.980 GC heap after
{Heap after GC invocations=18 (full 0):
 garbage-first heap   total 68608K, used 37728K [0x0000000080000000, 0x0000000100000000)
  region size 1024K, 3 young (3072K), 3 survivors (3072K)
 Metaspace       used 59770K, committed 61312K, reserved 1114112K
  class space    used 8090K, committed 8832K, reserved 1048576K
}
Event: 16.800 GC heap before
{Heap before GC invocations=18 (full 0):
 garbage-first heap   total 68608K, used 60256K [0x0000000080000000, 0x0000000100000000)
  region size 1024K, 25 young (25600K), 3 survivors (3072K)
 Metaspace       used 62552K, committed 64128K, reserved 1114112K
  class space    used 8564K, committed 9344K, reserved 1048576K
}
Event: 16.813 GC heap after
{Heap after GC invocations=19 (full 0):
 garbage-first heap   total 82944K, used 39556K [0x0000000080000000, 0x0000000100000000)
  region size 1024K, 4 young (4096K), 4 survivors (4096K)
 Metaspace       used 62552K, committed 64128K, reserved 1114112K
  class space    used 8564K, committed 9344K, reserved 1048576K
}

