# JRE version: OpenJDK Runtime Environment (21.0.6) (build 21.0.6+-13368085-b895.109)
# Java VM: OpenJDK 64-Bit Server VM (21.0.6+-13368085-b895.109, mixed mode, tiered, compressed oops, compressed class ptrs, g1 gc, windows-amd64)
GC Precious Log:
 CardTable entry size: 512
 Card Set container configuration: InlinePtr #cards 5 size 8 Array Of Cards #cards 12 size 40 Howl #buckets 4 coarsen threshold 1843 Howl Bitmap #cards 512 size 80 coarsen threshold 460 Card regions per heap region 1 cards per card region 2048
 CPUs: 4 total, 4 available
 Memory: 7828M
 Large Page Support: Disabled
 NUMA Support: Disabled
 Compressed Oops: Enabled (32-bit)
 Heap Region Size: 1M
 Heap Min Capacity: 8M
 Heap Initial Capacity: 124M
 Heap Max Capacity: 1958M
 Pre-touch: Disabled
 Parallel Workers: 4
 Concurrent Workers: 1
 Concurrent Refinement Workers: 4
 Periodic GC: Disabled
Heap:
 garbage-first heap   total 126976K, used 103427K [0x0000000085a00000, 0x0000000100000000)
  region size 1024K, 29 young (29696K), 5 survivors (5120K)
 Metaspace       used 78018K, committed 78400K, reserved 1179648K
  class space    used 8348K, committed 8512K, reserved 1048576K
GC Heap History (20 events):
Event: 14.433 GC heap before
{Heap before GC invocations=23 (full 0):
 garbage-first heap   total 67584K, used 56715K [0x0000000085a00000, 0x0000000100000000)
  region size 1024K, 15 young (15360K), 3 survivors (3072K)
 Metaspace       used 52959K, committed 53248K, reserved 1114112K
  class space    used 6073K, committed 6208K, reserved 1048576K
}
Event: 14.446 GC heap after
{Heap after GC invocations=24 (full 0):
 garbage-first heap   total 67584K, used 49078K [0x0000000085a00000, 0x0000000100000000)
  region size 1024K, 2 young (2048K), 2 survivors (2048K)
 Metaspace       used 52959K, committed 53248K, reserved 1114112K
  class space    used 6073K, committed 6208K, reserved 1048576K
}
Event: 14.901 GC heap before
{Heap before GC invocations=24 (full 0):
 garbage-first heap   total 67584K, used 58294K [0x0000000085a00000, 0x0000000100000000)
  region size 1024K, 11 young (11264K), 2 survivors (2048K)
 Metaspace       used 53713K, committed 54080K, reserved 1114112K
  class space    used 6169K, committed 6336K, reserved 1048576K
}
Event: 14.910 GC heap after
{Heap after GC invocations=25 (full 0):
 garbage-first heap   total 67584K, used 51667K [0x0000000085a00000, 0x0000000100000000)
  region size 1024K, 2 young (2048K), 2 survivors (2048K)
 Metaspace       used 53713K, committed 54080K, reserved 1114112K
  class space    used 6169K, committed 6336K, reserved 1048576K
}
Event: 16.426 GC heap before
{Heap before GC invocations=26 (full 0):
 garbage-first heap   total 87040K, used 58835K [0x0000000085a00000, 0x0000000100000000)
  region size 1024K, 10 young (10240K), 2 survivors (2048K)
 Metaspace       used 55393K, committed 55680K, reserved 1114112K
  class space    used 6336K, committed 6464K, reserved 1048576K
}
Event: 16.434 GC heap after
{Heap after GC invocations=27 (full 0):
 garbage-first heap   total 87040K, used 52743K [0x0000000085a00000, 0x0000000100000000)
  region size 1024K, 1 young (1024K), 1 survivors (1024K)
 Metaspace       used 55393K, committed 55680K, reserved 1114112K
  class space    used 6336K, committed 6464K, reserved 1048576K
}
Event: 17.549 GC heap before
{Heap before GC invocations=27 (full 0):
 garbage-first heap   total 87040K, used 72199K [0x0000000085a00000, 0x0000000100000000)
  region size 1024K, 20 young (20480K), 1 survivors (1024K)
 Metaspace       used 56500K, committed 56832K, reserved 1114112K
  class space    used 6432K, committed 6592K, reserved 1048576K
}
Event: 17.571 GC heap after
{Heap after GC invocations=28 (full 0):
 garbage-first heap   total 87040K, used 55871K [0x0000000085a00000, 0x0000000100000000)
  region size 1024K, 3 young (3072K), 3 survivors (3072K)
 Metaspace       used 56500K, committed 56832K, reserved 1114112K
  class space    used 6432K, committed 6592K, reserved 1048576K
}
Event: 18.482 GC heap before
{Heap before GC invocations=28 (full 0):
 garbage-first heap   total 87040K, used 74303K [0x0000000085a00000, 0x0000000100000000)
  region size 1024K, 21 young (21504K), 3 survivors (3072K)
 Metaspace       used 56926K, committed 57280K, reserved 1114112K
  class space    used 6434K, committed 6592K, reserved 1048576K
}
Event: 18.517 GC heap after
{Heap after GC invocations=29 (full 0):
 garbage-first heap   total 104448K, used 61832K [0x0000000085a00000, 0x0000000100000000)
  region size 1024K, 3 young (3072K), 3 survivors (3072K)
 Metaspace       used 56926K, committed 57280K, reserved 1114112K
  class space    used 6434K, committed 6592K, reserved 1048576K
}
Event: 19.932 GC heap before
{Heap before GC invocations=29 (full 0):
 garbage-first heap   total 104448K, used 84360K [0x0000000085a00000, 0x0000000100000000)
  region size 1024K, 26 young (26624K), 3 survivors (3072K)
 Metaspace       used 60476K, committed 60800K, reserved 1114112K
  class space    used 6732K, committed 6848K, reserved 1048576K
}
Event: 19.951 GC heap after
{Heap after GC invocations=30 (full 0):
 garbage-first heap   total 104448K, used 65454K [0x0000000085a00000, 0x0000000100000000)
  region size 1024K, 3 young (3072K), 3 survivors (3072K)
 Metaspace       used 60476K, committed 60800K, reserved 1114112K
  class space    used 6732K, committed 6848K, reserved 1048576K
}
Event: 21.127 GC heap before
{Heap before GC invocations=30 (full 0):
 garbage-first heap   total 104448K, used 86958K [0x0000000085a00000, 0x0000000100000000)
  region size 1024K, 25 young (25600K), 3 survivors (3072K)
 Metaspace       used 63122K, committed 63424K, reserved 1114112K
  class space    used 7002K, committed 7104K, reserved 1048576K
}
Event: 21.145 GC heap after
{Heap after GC invocations=31 (full 0):
 garbage-first heap   total 104448K, used 69632K [0x0000000085a00000, 0x0000000100000000)
  region size 1024K, 4 young (4096K), 4 survivors (4096K)
 Metaspace       used 63122K, committed 63424K, reserved 1114112K
  class space    used 7002K, committed 7104K, reserved 1048576K
}
Event: 22.058 GC heap before
{Heap before GC invocations=31 (full 0):
 garbage-first heap   total 104448K, used 91136K [0x0000000085a00000, 0x0000000100000000)
  region size 1024K, 25 young (25600K), 4 survivors (4096K)
 Metaspace       used 65238K, committed 65536K, reserved 1114112K
  class space    used 7121K, committed 7232K, reserved 1048576K
}
Event: 22.075 GC heap after
{Heap after GC invocations=32 (full 0):
 garbage-first heap   total 104448K, used 72267K [0x0000000085a00000, 0x0000000100000000)
  region size 1024K, 3 young (3072K), 3 survivors (3072K)
 Metaspace       used 65238K, committed 65536K, reserved 1114112K
  class space    used 7121K, committed 7232K, reserved 1048576K
}
Event: 22.752 GC heap before
{Heap before GC invocations=32 (full 0):
 garbage-first heap   total 104448K, used 91723K [0x0000000085a00000, 0x0000000100000000)
  region size 1024K, 23 young (23552K), 3 survivors (3072K)
 Metaspace       used 67800K, committed 68160K, reserved 1114112K
  class space    used 7395K, committed 7552K, reserved 1048576K
}
Event: 22.769 GC heap after
{Heap after GC invocations=33 (full 0):
 garbage-first heap   total 125952K, used 75102K [0x0000000085a00000, 0x0000000100000000)
  region size 1024K, 3 young (3072K), 3 survivors (3072K)
 Metaspace       used 67800K, committed 68160K, reserved 1114112K
  class space    used 7395K, committed 7552K, reserved 1048576K
}
Event: 24.689 GC heap before
{Heap before GC invocations=34 (full 0):
 garbage-first heap   total 126976K, used 107870K [0x0000000085a00000, 0x0000000100000000)
  region size 1024K, 36 young (36864K), 3 survivors (3072K)
 Metaspace       used 73178K, committed 73536K, reserved 1114112K
  class space    used 7974K, committed 8128K, reserved 1048576K
}
Event: 24.722 GC heap after
{Heap after GC invocations=35 (full 0):
 garbage-first heap   total 126976K, used 79875K [0x0000000085a00000, 0x0000000100000000)
  region size 1024K, 5 young (5120K), 5 survivors (5120K)
 Metaspace       used 73178K, committed 73536K, reserved 1114112K
  class space    used 7974K, committed 8128K, reserved 1048576K
}

