# JRE version: OpenJDK Runtime Environment (21.0.6) (build 21.0.6+-13368085-b895.109)
# Java VM: OpenJDK 64-Bit Server VM (21.0.6+-13368085-b895.109, mixed mode, tiered, compressed oops, compressed class ptrs, g1 gc, windows-amd64)
GC Precious Log:
 CardTable entry size: 512
 Card Set container configuration: InlinePtr #cards 5 size 8 Array Of Cards #cards 12 size 40 Howl #buckets 4 coarsen threshold 1843 Howl Bitmap #cards 512 size 80 coarsen threshold 460 Card regions per heap region 1 cards per card region 2048
 CPUs: 4 total, 4 available
 Memory: 7828M
 Large Page Support: Disabled
 NUMA Support: Disabled
 Compressed Oops: Enabled (32-bit)
 Heap Region Size: 1M
 Heap Min Capacity: 8M
 Heap Initial Capacity: 124M
 Heap Max Capacity: 1958M
 Pre-touch: Disabled
 Parallel Workers: 4
 Concurrent Workers: 1
 Concurrent Refinement Workers: 4
 Periodic GC: Disabled
Heap:
 garbage-first heap   total 178176K, used 94780K [0x0000000085a00000, 0x0000000100000000)
  region size 1024K, 27 young (27648K), 9 survivors (9216K)
 Metaspace       used 74054K, committed 74432K, reserved 1179648K
  class space    used 8038K, committed 8192K, reserved 1048576K
GC Heap History (20 events):
Event: 5.646 GC heap before
{Heap before GC invocations=16 (full 0):
 garbage-first heap   total 57344K, used 47189K [0x0000000085a00000, 0x0000000100000000)
  region size 1024K, 17 young (17408K), 3 survivors (3072K)
 Metaspace       used 52138K, committed 52480K, reserved 1114112K
  class space    used 5974K, committed 6144K, reserved 1048576K
}
Event: 5.660 GC heap after
{Heap after GC invocations=17 (full 0):
 garbage-first heap   total 57344K, used 35840K [0x0000000085a00000, 0x0000000100000000)
  region size 1024K, 3 young (3072K), 3 survivors (3072K)
 Metaspace       used 52138K, committed 52480K, reserved 1114112K
  class space    used 5974K, committed 6144K, reserved 1048576K
}
Event: 5.743 GC heap before
{Heap before GC invocations=17 (full 0):
 garbage-first heap   total 57344K, used 38912K [0x0000000085a00000, 0x0000000100000000)
  region size 1024K, 7 young (7168K), 3 survivors (3072K)
 Metaspace       used 52528K, committed 52800K, reserved 1114112K
  class space    used 6030K, committed 6144K, reserved 1048576K
}
Event: 5.751 GC heap after
{Heap after GC invocations=18 (full 0):
 garbage-first heap   total 57344K, used 37267K [0x0000000085a00000, 0x0000000100000000)
  region size 1024K, 2 young (2048K), 2 survivors (2048K)
 Metaspace       used 52528K, committed 52800K, reserved 1114112K
  class space    used 6030K, committed 6144K, reserved 1048576K
}
Event: 5.885 GC heap before
{Heap before GC invocations=18 (full 0):
 garbage-first heap   total 65536K, used 50579K [0x0000000085a00000, 0x0000000100000000)
  region size 1024K, 14 young (14336K), 2 survivors (2048K)
 Metaspace       used 52542K, committed 52800K, reserved 1114112K
  class space    used 6030K, committed 6144K, reserved 1048576K
}
Event: 5.896 GC heap after
{Heap after GC invocations=19 (full 0):
 garbage-first heap   total 65536K, used 42566K [0x0000000085a00000, 0x0000000100000000)
  region size 1024K, 2 young (2048K), 2 survivors (2048K)
 Metaspace       used 52542K, committed 52800K, reserved 1114112K
  class space    used 6030K, committed 6144K, reserved 1048576K
}
Event: 5.980 GC heap before
{Heap before GC invocations=20 (full 0):
 garbage-first heap   total 65536K, used 54854K [0x0000000085a00000, 0x0000000100000000)
  region size 1024K, 15 young (15360K), 2 survivors (2048K)
 Metaspace       used 52568K, committed 52800K, reserved 1114112K
  class space    used 6030K, committed 6144K, reserved 1048576K
}
Event: 5.993 GC heap after
{Heap after GC invocations=21 (full 0):
 garbage-first heap   total 92160K, used 48006K [0x0000000085a00000, 0x0000000100000000)
  region size 1024K, 2 young (2048K), 2 survivors (2048K)
 Metaspace       used 52568K, committed 52800K, reserved 1114112K
  class space    used 6030K, committed 6144K, reserved 1048576K
}
Event: 6.474 GC heap before
{Heap before GC invocations=21 (full 0):
 garbage-first heap   total 92160K, used 73606K [0x0000000085a00000, 0x0000000100000000)
  region size 1024K, 27 young (27648K), 2 survivors (2048K)
 Metaspace       used 55744K, committed 56128K, reserved 1114112K
  class space    used 6377K, committed 6528K, reserved 1048576K
}
Event: 6.489 GC heap after
{Heap after GC invocations=22 (full 0):
 garbage-first heap   total 92160K, used 52601K [0x0000000085a00000, 0x0000000100000000)
  region size 1024K, 4 young (4096K), 4 survivors (4096K)
 Metaspace       used 55744K, committed 56128K, reserved 1114112K
  class space    used 6377K, committed 6528K, reserved 1048576K
}
Event: 8.519 GC heap before
{Heap before GC invocations=22 (full 0):
 garbage-first heap   total 92160K, used 75129K [0x0000000085a00000, 0x0000000100000000)
  region size 1024K, 26 young (26624K), 4 survivors (4096K)
 Metaspace       used 56626K, committed 56960K, reserved 1114112K
  class space    used 6434K, committed 6592K, reserved 1048576K
}
Event: 8.543 GC heap after
{Heap after GC invocations=23 (full 0):
 garbage-first heap   total 92160K, used 58368K [0x0000000085a00000, 0x0000000100000000)
  region size 1024K, 4 young (4096K), 4 survivors (4096K)
 Metaspace       used 56626K, committed 56960K, reserved 1114112K
  class space    used 6434K, committed 6592K, reserved 1048576K
}
Event: 9.078 GC heap before
{Heap before GC invocations=24 (full 0):
 garbage-first heap   total 97280K, used 77824K [0x0000000085a00000, 0x0000000100000000)
  region size 1024K, 23 young (23552K), 4 survivors (4096K)
 Metaspace       used 56896K, committed 57216K, reserved 1114112K
  class space    used 6439K, committed 6592K, reserved 1048576K
}
Event: 9.107 GC heap after
{Heap after GC invocations=25 (full 0):
 garbage-first heap   total 97280K, used 63464K [0x0000000085a00000, 0x0000000100000000)
  region size 1024K, 3 young (3072K), 3 survivors (3072K)
 Metaspace       used 56896K, committed 57216K, reserved 1114112K
  class space    used 6439K, committed 6592K, reserved 1048576K
}
Event: 9.590 GC heap before
{Heap before GC invocations=25 (full 0):
 garbage-first heap   total 97280K, used 81896K [0x0000000085a00000, 0x0000000100000000)
  region size 1024K, 22 young (22528K), 3 survivors (3072K)
 Metaspace       used 60920K, committed 61248K, reserved 1114112K
  class space    used 6799K, committed 6912K, reserved 1048576K
}
Event: 9.607 GC heap after
{Heap after GC invocations=26 (full 0):
 garbage-first heap   total 97280K, used 65024K [0x0000000085a00000, 0x0000000100000000)
  region size 1024K, 2 young (2048K), 2 survivors (2048K)
 Metaspace       used 60920K, committed 61248K, reserved 1114112K
  class space    used 6799K, committed 6912K, reserved 1048576K
}
Event: 10.114 GC heap before
{Heap before GC invocations=26 (full 0):
 garbage-first heap   total 97280K, used 83456K [0x0000000085a00000, 0x0000000100000000)
  region size 1024K, 21 young (21504K), 2 survivors (2048K)
 Metaspace       used 62939K, committed 63232K, reserved 1114112K
  class space    used 7004K, committed 7104K, reserved 1048576K
}
Event: 10.130 GC heap after
{Heap after GC invocations=27 (full 0):
 garbage-first heap   total 178176K, used 68608K [0x0000000085a00000, 0x0000000100000000)
  region size 1024K, 3 young (3072K), 3 survivors (3072K)
 Metaspace       used 62939K, committed 63232K, reserved 1114112K
  class space    used 7004K, committed 7104K, reserved 1048576K
}
Event: 12.488 GC heap before
{Heap before GC invocations=28 (full 0):
 garbage-first heap   total 178176K, used 136192K [0x0000000085a00000, 0x0000000100000000)
  region size 1024K, 70 young (71680K), 3 survivors (3072K)
 Metaspace       used 71416K, committed 71744K, reserved 1114112K
  class space    used 7822K, committed 7936K, reserved 1048576K
}
Event: 12.508 GC heap after
{Heap after GC invocations=29 (full 0):
 garbage-first heap   total 178176K, used 77372K [0x0000000085a00000, 0x0000000100000000)
  region size 1024K, 9 young (9216K), 9 survivors (9216K)
 Metaspace       used 71416K, committed 71744K, reserved 1114112K
  class space    used 7822K, committed 7936K, reserved 1048576K
}

