# JRE version: OpenJDK Runtime Environment (21.0.6) (build 21.0.6+-13368085-b895.109)
# Java VM: OpenJDK 64-Bit Server VM (21.0.6+-13368085-b895.109, mixed mode, tiered, compressed oops, compressed class ptrs, g1 gc, windows-amd64)
GC Precious Log:
 CardTable entry size: 512
 Card Set container configuration: InlinePtr #cards 5 size 8 Array Of Cards #cards 12 size 40 Howl #buckets 4 coarsen threshold 1843 Howl Bitmap #cards 512 size 80 coarsen threshold 460 Card regions per heap region 1 cards per card region 2048
 CPUs: 4 total, 4 available
 Memory: 7828M
 Large Page Support: Disabled
 NUMA Support: Disabled
 Compressed Oops: Enabled (32-bit)
 Heap Region Size: 1M
 Heap Min Capacity: 8M
 Heap Initial Capacity: 124M
 Heap Max Capacity: 2G
 Pre-touch: Disabled
 Parallel Workers: 4
 Concurrent Workers: 1
 Concurrent Refinement Workers: 4
 Periodic GC: Disabled
Heap:
 garbage-first heap   total 342016K, used 324014K [0x0000000080000000, 0x0000000100000000)
  region size 1024K, 142 young (145408K), 6 survivors (6144K)
 Metaspace       used 153437K, committed 155648K, reserved 1245184K
  class space    used 19843K, committed 21440K, reserved 1048576K
GC Heap History (20 events):
Event: 830.607 GC heap before
{Heap before GC invocations=60 (full 0):
 garbage-first heap   total 257024K, used 233597K [0x0000000080000000, 0x0000000100000000)
  region size 1024K, 88 young (90112K), 4 survivors (4096K)
 Metaspace       used 151766K, committed 154176K, reserved 1245184K
  class space    used 20209K, committed 21440K, reserved 1048576K
}
Event: 830.633 GC heap after
{Heap after GC invocations=61 (full 0):
 garbage-first heap   total 257024K, used 152019K [0x0000000080000000, 0x0000000100000000)
  region size 1024K, 9 young (9216K), 9 survivors (9216K)
 Metaspace       used 151766K, committed 154176K, reserved 1245184K
  class space    used 20209K, committed 21440K, reserved 1048576K
}
Event: 831.355 GC heap before
{Heap before GC invocations=61 (full 0):
 garbage-first heap   total 257024K, used 194003K [0x0000000080000000, 0x0000000100000000)
  region size 1024K, 52 young (53248K), 9 survivors (9216K)
 Metaspace       used 152085K, committed 154496K, reserved 1245184K
  class space    used 20210K, committed 21440K, reserved 1048576K
}
Event: 831.373 GC heap after
{Heap after GC invocations=62 (full 0):
 garbage-first heap   total 257024K, used 153071K [0x0000000080000000, 0x0000000100000000)
  region size 1024K, 7 young (7168K), 7 survivors (7168K)
 Metaspace       used 152085K, committed 154496K, reserved 1245184K
  class space    used 20210K, committed 21440K, reserved 1048576K
}
Event: 4017.368 GC heap before
{Heap before GC invocations=63 (full 0):
 garbage-first heap   total 314368K, used 274927K [0x0000000080000000, 0x0000000100000000)
  region size 1024K, 84 young (86016K), 7 survivors (7168K)
 Metaspace       used 152299K, committed 154688K, reserved 1245184K
  class space    used 20211K, committed 21440K, reserved 1048576K
}
Event: 4017.539 GC heap after
{Heap after GC invocations=64 (full 0):
 garbage-first heap   total 314368K, used 149446K [0x0000000080000000, 0x0000000100000000)
  region size 1024K, 1 young (1024K), 1 survivors (1024K)
 Metaspace       used 152299K, committed 154688K, reserved 1245184K
  class space    used 20211K, committed 21440K, reserved 1048576K
}
Event: 4065.448 GC heap before
{Heap before GC invocations=64 (full 0):
 garbage-first heap   total 314368K, used 293830K [0x0000000080000000, 0x0000000100000000)
  region size 1024K, 141 young (144384K), 1 survivors (1024K)
 Metaspace       used 152656K, committed 155072K, reserved 1245184K
  class space    used 20215K, committed 21440K, reserved 1048576K
}
Event: 4065.594 GC heap after
{Heap after GC invocations=65 (full 0):
 garbage-first heap   total 327680K, used 166912K [0x0000000080000000, 0x0000000100000000)
  region size 1024K, 18 young (18432K), 18 survivors (18432K)
 Metaspace       used 152656K, committed 155072K, reserved 1245184K
  class space    used 20215K, committed 21440K, reserved 1048576K
}
Event: 4065.875 GC heap before
{Heap before GC invocations=65 (full 0):
 garbage-first heap   total 327680K, used 184320K [0x0000000080000000, 0x0000000100000000)
  region size 1024K, 37 young (37888K), 18 survivors (18432K)
 Metaspace       used 152661K, committed 155072K, reserved 1245184K
  class space    used 20215K, committed 21440K, reserved 1048576K
}
Event: 4065.928 GC heap after
{Heap after GC invocations=66 (full 0):
 garbage-first heap   total 327680K, used 174080K [0x0000000080000000, 0x0000000100000000)
  region size 1024K, 7 young (7168K), 7 survivors (7168K)
 Metaspace       used 152661K, committed 155072K, reserved 1245184K
  class space    used 20215K, committed 21440K, reserved 1048576K
}
Event: 4069.188 GC heap before
{Heap before GC invocations=67 (full 0):
 garbage-first heap   total 327680K, used 245760K [0x0000000080000000, 0x0000000100000000)
  region size 1024K, 66 young (67584K), 7 survivors (7168K)
 Metaspace       used 149957K, committed 155200K, reserved 1245184K
  class space    used 19530K, committed 21440K, reserved 1048576K
}
Event: 4069.204 GC heap after
{Heap after GC invocations=68 (full 0):
 garbage-first heap   total 327680K, used 172807K [0x0000000080000000, 0x0000000100000000)
  region size 1024K, 4 young (4096K), 4 survivors (4096K)
 Metaspace       used 149957K, committed 155200K, reserved 1245184K
  class space    used 19530K, committed 21440K, reserved 1048576K
}
Event: 4096.590 GC heap before
{Heap before GC invocations=68 (full 0):
 garbage-first heap   total 327680K, used 288519K [0x0000000080000000, 0x0000000100000000)
  region size 1024K, 118 young (120832K), 4 survivors (4096K)
 Metaspace       used 151823K, committed 155264K, reserved 1245184K
  class space    used 19761K, committed 21440K, reserved 1048576K
}
Event: 4096.634 GC heap after
{Heap after GC invocations=69 (full 0):
 garbage-first heap   total 327680K, used 170418K [0x0000000080000000, 0x0000000100000000)
  region size 1024K, 12 young (12288K), 12 survivors (12288K)
 Metaspace       used 151823K, committed 155264K, reserved 1245184K
  class space    used 19761K, committed 21440K, reserved 1048576K
}
Event: 4097.900 GC heap before
{Heap before GC invocations=69 (full 0):
 garbage-first heap   total 327680K, used 290226K [0x0000000080000000, 0x0000000100000000)
  region size 1024K, 130 young (133120K), 12 survivors (12288K)
 Metaspace       used 152495K, committed 155392K, reserved 1245184K
  class space    used 19807K, committed 21440K, reserved 1048576K
}
Event: 4097.921 GC heap after
{Heap after GC invocations=70 (full 0):
 garbage-first heap   total 327680K, used 173055K [0x0000000080000000, 0x0000000100000000)
  region size 1024K, 10 young (10240K), 10 survivors (10240K)
 Metaspace       used 152495K, committed 155392K, reserved 1245184K
  class space    used 19807K, committed 21440K, reserved 1048576K
}
Event: 4099.628 GC heap before
{Heap before GC invocations=71 (full 0):
 garbage-first heap   total 327680K, used 288767K [0x0000000080000000, 0x0000000100000000)
  region size 1024K, 131 young (134144K), 10 survivors (10240K)
 Metaspace       used 152752K, committed 155456K, reserved 1245184K
  class space    used 19825K, committed 21440K, reserved 1048576K
}
Event: 4099.639 GC heap after
{Heap after GC invocations=72 (full 0):
 garbage-first heap   total 327680K, used 163966K [0x0000000080000000, 0x0000000100000000)
  region size 1024K, 3 young (3072K), 3 survivors (3072K)
 Metaspace       used 152752K, committed 155456K, reserved 1245184K
  class space    used 19825K, committed 21440K, reserved 1048576K
}
Event: 4358.709 GC heap before
{Heap before GC invocations=72 (full 0):
 garbage-first heap   total 327680K, used 325758K [0x0000000080000000, 0x0000000100000000)
  region size 1024K, 119 young (121856K), 3 survivors (3072K)
 Metaspace       used 153053K, committed 155584K, reserved 1245184K
  class space    used 19833K, committed 21440K, reserved 1048576K
}
Event: 4358.740 GC heap after
{Heap after GC invocations=73 (full 0):
 garbage-first heap   total 342016K, used 142766K [0x0000000080000000, 0x0000000100000000)
  region size 1024K, 6 young (6144K), 6 survivors (6144K)
 Metaspace       used 153053K, committed 155584K, reserved 1245184K
  class space    used 19833K, committed 21440K, reserved 1048576K
}

